2015-09-01T17:21:50+00:00 ERR (3): 
exception 'Zend_Mail_Transport_Exception' with message 'Unable to send mail. ' in /var/www/html/multidesignertool/lib/Zend/Mail/Transport/Sendmail.php:137
Stack trace:
#0 /var/www/html/multidesignertool/lib/Zend/Mail/Transport/Abstract.php(348): Zend_Mail_Transport_Sendmail->_sendMail()
#1 /var/www/html/multidesignertool/lib/Zend/Mail.php(1194): Zend_Mail_Transport_Abstract->send(Object(Zend_Mail))
#2 /var/www/html/multidesignertool/app/code/core/Mage/Core/Model/Email/Template.php(451): Zend_Mail->send()
#3 /var/www/html/multidesignertool/app/code/core/Mage/Core/Model/Email/Template.php(508): Mage_Core_Model_Email_Template->send(Array, Array, Array)
#4 /var/www/html/multidesignertool/app/code/core/Mage/Core/Model/Email/Template/Mailer.php(84): Mage_Core_Model_Email_Template->sendTransactional('customer_create...', 'general', Array, Array, Array, '1')
#5 /var/www/html/multidesignertool/app/code/core/Mage/Customer/Model/Customer.php(680): Mage_Core_Model_Email_Template_Mailer->send()
#6 /var/www/html/multidesignertool/app/code/core/Mage/Customer/Model/Customer.php(607): Mage_Customer_Model_Customer->_sendEmailTemplate('customer/create...', 'customer/create...', Array, '1')
#7 /var/www/html/multidesignertool/app/code/core/Mage/Customer/controllers/AccountController.php(555): Mage_Customer_Model_Customer->sendNewAccountEmail('registered', '', '1')
#8 /var/www/html/multidesignertool/app/code/core/Mage/Customer/controllers/AccountController.php(341): Mage_Customer_AccountController->_welcomeCustomer(Object(Mage_Customer_Model_Customer))
#9 /var/www/html/multidesignertool/app/code/core/Mage/Customer/controllers/AccountController.php(293): Mage_Customer_AccountController->_successProcessRegistration(Object(Mage_Customer_Model_Customer))
#10 /var/www/html/multidesignertool/app/code/core/Mage/Core/Controller/Varien/Action.php(418): Mage_Customer_AccountController->createPostAction()
#11 /var/www/html/multidesignertool/app/code/core/Mage/Core/Controller/Varien/Router/Standard.php(254): Mage_Core_Controller_Varien_Action->dispatch('createpost')
#12 /var/www/html/multidesignertool/app/code/core/Mage/Core/Controller/Varien/Front.php(172): Mage_Core_Controller_Varien_Router_Standard->match(Object(Mage_Core_Controller_Request_Http))
#13 /var/www/html/multidesignertool/app/code/core/Mage/Core/Model/App.php(365): Mage_Core_Controller_Varien_Front->dispatch()
#14 /var/www/html/multidesignertool/app/Mage.php(684): Mage_Core_Model_App->run(Array)
#15 /var/www/html/multidesignertool/index.php(83): Mage::run('', 'store')
#16 {main}
2015-09-11T01:07:21+00:00 ERR (3): 
exception 'Varien_Exception' with message 'Invalid method Mage_Core_Block_Template::isAdminLogin(Array
(
)
)' in /var/www/html/multidesignertool/lib/Varien/Object.php:653
Stack trace:
#0 /var/www/html/multidesignertool/app/design/frontend/rwd/airborne/template/sparx/designersoftware/designersoftware.phtml(11): Varien_Object->__call('isAdminLogin', Array)
#1 /var/www/html/multidesignertool/app/design/frontend/rwd/airborne/template/sparx/designersoftware/designersoftware.phtml(11): Mage_Core_Block_Template->isAdminLogin()
#2 /var/www/html/multidesignertool/app/code/core/Mage/Core/Block/Template.php(241): include('/var/www/html/m...')
#3 /var/www/html/multidesignertool/app/code/core/Mage/Core/Block/Template.php(272): Mage_Core_Block_Template->fetchView('frontend/rwd/ai...')
#4 /var/www/html/multidesignertool/app/code/core/Mage/Core/Block/Template.php(286): Mage_Core_Block_Template->renderView()
#5 /var/www/html/multidesignertool/app/code/core/Mage/Core/Block/Abstract.php(919): Mage_Core_Block_Template->_toHtml()
#6 /var/www/html/multidesignertool/app/code/core/Mage/Core/Model/Email/Template/Filter.php(196): Mage_Core_Block_Abstract->toHtml()
#7 [internal function]: Mage_Core_Model_Email_Template_Filter->blockDirective(Array)
#8 /var/www/html/multidesignertool/lib/Varien/Filter/Template.php(163): call_user_func(Array, Array)
#9 /var/www/html/multidesignertool/app/code/core/Mage/Core/Model/Email/Template/Filter.php(548): Varien_Filter_Template->filter('<p>{{block type...')
#10 /var/www/html/multidesignertool/app/code/core/Mage/Cms/Block/Block.php(69): Mage_Core_Model_Email_Template_Filter->filter('<p>{{block type...')
#11 /var/www/html/multidesignertool/app/code/core/Mage/Core/Block/Abstract.php(919): Mage_Cms_Block_Block->_toHtml()
#12 /var/www/html/multidesignertool/app/code/core/Mage/Catalog/Block/Category/View.php(111): Mage_Core_Block_Abstract->toHtml()
#13 /var/www/html/multidesignertool/app/design/frontend/base/default/template/catalog/category/view.phtml(63): Mage_Catalog_Block_Category_View->getCmsBlockHtml()
#14 /var/www/html/multidesignertool/app/code/core/Mage/Core/Block/Template.php(241): include('/var/www/html/m...')
#15 /var/www/html/multidesignertool/app/code/core/Mage/Core/Block/Template.php(272): Mage_Core_Block_Template->fetchView('frontend/base/d...')
#16 /var/www/html/multidesignertool/app/code/core/Mage/Core/Block/Template.php(286): Mage_Core_Block_Template->renderView()
#17 /var/www/html/multidesignertool/app/code/core/Mage/Core/Block/Abstract.php(919): Mage_Core_Block_Template->_toHtml()
#18 /var/www/html/multidesignertool/app/code/core/Mage/Core/Block/Text/List.php(43): Mage_Core_Block_Abstract->toHtml()
#19 /var/www/html/multidesignertool/app/code/core/Mage/Core/Block/Abstract.php(919): Mage_Core_Block_Text_List->_toHtml()
#20 /var/www/html/multidesignertool/app/code/core/Mage/Core/Block/Abstract.php(637): Mage_Core_Block_Abstract->toHtml()
#21 /var/www/html/multidesignertool/app/code/core/Mage/Core/Block/Abstract.php(581): Mage_Core_Block_Abstract->_getChildHtml('content', true)
#22 /var/www/html/multidesignertool/app/design/frontend/rwd/airborne/template/page/2columns-left.phtml(62): Mage_Core_Block_Abstract->getChildHtml('content')
#23 /var/www/html/multidesignertool/app/code/core/Mage/Core/Block/Template.php(241): include('/var/www/html/m...')
#24 /var/www/html/multidesignertool/app/code/core/Mage/Core/Block/Template.php(272): Mage_Core_Block_Template->fetchView('frontend/rwd/ai...')
#25 /var/www/html/multidesignertool/app/code/core/Mage/Core/Block/Template.php(286): Mage_Core_Block_Template->renderView()
#26 /var/www/html/multidesignertool/app/code/core/Mage/Core/Block/Abstract.php(919): Mage_Core_Block_Template->_toHtml()
#27 /var/www/html/multidesignertool/app/code/core/Mage/Core/Model/Layout.php(555): Mage_Core_Block_Abstract->toHtml()
#28 /var/www/html/multidesignertool/app/code/core/Mage/Core/Controller/Varien/Action.php(390): Mage_Core_Model_Layout->getOutput()
#29 /var/www/html/multidesignertool/app/code/core/Mage/Catalog/controllers/CategoryController.php(161): Mage_Core_Controller_Varien_Action->renderLayout()
#30 /var/www/html/multidesignertool/app/code/core/Mage/Core/Controller/Varien/Action.php(418): Mage_Catalog_CategoryController->viewAction()
#31 /var/www/html/multidesignertool/app/code/core/Mage/Core/Controller/Varien/Router/Standard.php(254): Mage_Core_Controller_Varien_Action->dispatch('view')
#32 /var/www/html/multidesignertool/app/code/core/Mage/Core/Controller/Varien/Front.php(172): Mage_Core_Controller_Varien_Router_Standard->match(Object(Mage_Core_Controller_Request_Http))
#33 /var/www/html/multidesignertool/app/code/core/Mage/Core/Model/App.php(365): Mage_Core_Controller_Varien_Front->dispatch()
#34 /var/www/html/multidesignertool/app/Mage.php(684): Mage_Core_Model_App->run(Array)
#35 /var/www/html/multidesignertool/index.php(83): Mage::run('', 'store')
#36 {main}
2015-09-11T01:16:33+00:00 ERR (3): 
exception 'Varien_Exception' with message 'Invalid method Mage_Core_Block_Template::isAdminLogin(Array
(
)
)' in /var/www/html/multidesignertool/lib/Varien/Object.php:653
Stack trace:
#0 /var/www/html/multidesignertool/app/design/frontend/rwd/airborne/template/sparx/designersoftware/designersoftware.phtml(11): Varien_Object->__call('isAdminLogin', Array)
#1 /var/www/html/multidesignertool/app/design/frontend/rwd/airborne/template/sparx/designersoftware/designersoftware.phtml(11): Mage_Core_Block_Template->isAdminLogin()
#2 /var/www/html/multidesignertool/app/code/core/Mage/Core/Block/Template.php(241): include('/var/www/html/m...')
#3 /var/www/html/multidesignertool/app/code/core/Mage/Core/Block/Template.php(272): Mage_Core_Block_Template->fetchView('frontend/rwd/ai...')
#4 /var/www/html/multidesignertool/app/code/core/Mage/Core/Block/Template.php(286): Mage_Core_Block_Template->renderView()
#5 /var/www/html/multidesignertool/app/code/core/Mage/Core/Block/Abstract.php(919): Mage_Core_Block_Template->_toHtml()
#6 /var/www/html/multidesignertool/app/code/core/Mage/Core/Model/Email/Template/Filter.php(196): Mage_Core_Block_Abstract->toHtml()
#7 [internal function]: Mage_Core_Model_Email_Template_Filter->blockDirective(Array)
#8 /var/www/html/multidesignertool/lib/Varien/Filter/Template.php(163): call_user_func(Array, Array)
#9 /var/www/html/multidesignertool/app/code/core/Mage/Core/Model/Email/Template/Filter.php(548): Varien_Filter_Template->filter('<p>{{block type...')
#10 /var/www/html/multidesignertool/app/code/core/Mage/Cms/Block/Block.php(69): Mage_Core_Model_Email_Template_Filter->filter('<p>{{block type...')
#11 /var/www/html/multidesignertool/app/code/core/Mage/Core/Block/Abstract.php(919): Mage_Cms_Block_Block->_toHtml()
#12 /var/www/html/multidesignertool/app/code/core/Mage/Catalog/Block/Category/View.php(111): Mage_Core_Block_Abstract->toHtml()
#13 /var/www/html/multidesignertool/app/design/frontend/base/default/template/catalog/category/view.phtml(63): Mage_Catalog_Block_Category_View->getCmsBlockHtml()
#14 /var/www/html/multidesignertool/app/code/core/Mage/Core/Block/Template.php(241): include('/var/www/html/m...')
#15 /var/www/html/multidesignertool/app/code/core/Mage/Core/Block/Template.php(272): Mage_Core_Block_Template->fetchView('frontend/base/d...')
#16 /var/www/html/multidesignertool/app/code/core/Mage/Core/Block/Template.php(286): Mage_Core_Block_Template->renderView()
#17 /var/www/html/multidesignertool/app/code/core/Mage/Core/Block/Abstract.php(919): Mage_Core_Block_Template->_toHtml()
#18 /var/www/html/multidesignertool/app/code/core/Mage/Core/Block/Text/List.php(43): Mage_Core_Block_Abstract->toHtml()
#19 /var/www/html/multidesignertool/app/code/core/Mage/Core/Block/Abstract.php(919): Mage_Core_Block_Text_List->_toHtml()
#20 /var/www/html/multidesignertool/app/code/core/Mage/Core/Block/Abstract.php(637): Mage_Core_Block_Abstract->toHtml()
#21 /var/www/html/multidesignertool/app/code/core/Mage/Core/Block/Abstract.php(581): Mage_Core_Block_Abstract->_getChildHtml('content', true)
#22 /var/www/html/multidesignertool/app/design/frontend/rwd/airborne/template/page/2columns-left.phtml(62): Mage_Core_Block_Abstract->getChildHtml('content')
#23 /var/www/html/multidesignertool/app/code/core/Mage/Core/Block/Template.php(241): include('/var/www/html/m...')
#24 /var/www/html/multidesignertool/app/code/core/Mage/Core/Block/Template.php(272): Mage_Core_Block_Template->fetchView('frontend/rwd/ai...')
#25 /var/www/html/multidesignertool/app/code/core/Mage/Core/Block/Template.php(286): Mage_Core_Block_Template->renderView()
#26 /var/www/html/multidesignertool/app/code/core/Mage/Core/Block/Abstract.php(919): Mage_Core_Block_Template->_toHtml()
#27 /var/www/html/multidesignertool/app/code/core/Mage/Core/Model/Layout.php(555): Mage_Core_Block_Abstract->toHtml()
#28 /var/www/html/multidesignertool/app/code/core/Mage/Core/Controller/Varien/Action.php(390): Mage_Core_Model_Layout->getOutput()
#29 /var/www/html/multidesignertool/app/code/core/Mage/Catalog/controllers/CategoryController.php(161): Mage_Core_Controller_Varien_Action->renderLayout()
#30 /var/www/html/multidesignertool/app/code/core/Mage/Core/Controller/Varien/Action.php(418): Mage_Catalog_CategoryController->viewAction()
#31 /var/www/html/multidesignertool/app/code/core/Mage/Core/Controller/Varien/Router/Standard.php(254): Mage_Core_Controller_Varien_Action->dispatch('view')
#32 /var/www/html/multidesignertool/app/code/core/Mage/Core/Controller/Varien/Front.php(172): Mage_Core_Controller_Varien_Router_Standard->match(Object(Mage_Core_Controller_Request_Http))
#33 /var/www/html/multidesignertool/app/code/core/Mage/Core/Model/App.php(365): Mage_Core_Controller_Varien_Front->dispatch()
#34 /var/www/html/multidesignertool/app/Mage.php(684): Mage_Core_Model_App->run(Array)
#35 /var/www/html/multidesignertool/index.php(83): Mage::run('', 'store')
#36 {main}
2015-09-11T01:21:35+00:00 ERR (3): 
exception 'Varien_Exception' with message 'Invalid method Mage_Core_Block_Template::isAdminLogin(Array
(
)
)' in /var/www/html/multidesignertool/lib/Varien/Object.php:653
Stack trace:
#0 /var/www/html/multidesignertool/app/design/frontend/rwd/airborne/template/sparx/designersoftware/designersoftware.phtml(11): Varien_Object->__call('isAdminLogin', Array)
#1 /var/www/html/multidesignertool/app/design/frontend/rwd/airborne/template/sparx/designersoftware/designersoftware.phtml(11): Mage_Core_Block_Template->isAdminLogin()
#2 /var/www/html/multidesignertool/app/code/core/Mage/Core/Block/Template.php(241): include('/var/www/html/m...')
#3 /var/www/html/multidesignertool/app/code/core/Mage/Core/Block/Template.php(272): Mage_Core_Block_Template->fetchView('frontend/rwd/ai...')
#4 /var/www/html/multidesignertool/app/code/core/Mage/Core/Block/Template.php(286): Mage_Core_Block_Template->renderView()
#5 /var/www/html/multidesignertool/app/code/core/Mage/Core/Block/Abstract.php(919): Mage_Core_Block_Template->_toHtml()
#6 /var/www/html/multidesignertool/app/code/core/Mage/Core/Model/Email/Template/Filter.php(196): Mage_Core_Block_Abstract->toHtml()
#7 [internal function]: Mage_Core_Model_Email_Template_Filter->blockDirective(Array)
#8 /var/www/html/multidesignertool/lib/Varien/Filter/Template.php(163): call_user_func(Array, Array)
#9 /var/www/html/multidesignertool/app/code/core/Mage/Core/Model/Email/Template/Filter.php(548): Varien_Filter_Template->filter('<p>{{block type...')
#10 /var/www/html/multidesignertool/app/code/core/Mage/Cms/Block/Block.php(69): Mage_Core_Model_Email_Template_Filter->filter('<p>{{block type...')
#11 /var/www/html/multidesignertool/app/code/core/Mage/Core/Block/Abstract.php(919): Mage_Cms_Block_Block->_toHtml()
#12 /var/www/html/multidesignertool/app/code/core/Mage/Catalog/Block/Category/View.php(111): Mage_Core_Block_Abstract->toHtml()
#13 /var/www/html/multidesignertool/app/design/frontend/base/default/template/catalog/category/view.phtml(63): Mage_Catalog_Block_Category_View->getCmsBlockHtml()
#14 /var/www/html/multidesignertool/app/code/core/Mage/Core/Block/Template.php(241): include('/var/www/html/m...')
#15 /var/www/html/multidesignertool/app/code/core/Mage/Core/Block/Template.php(272): Mage_Core_Block_Template->fetchView('frontend/base/d...')
#16 /var/www/html/multidesignertool/app/code/core/Mage/Core/Block/Template.php(286): Mage_Core_Block_Template->renderView()
#17 /var/www/html/multidesignertool/app/code/core/Mage/Core/Block/Abstract.php(919): Mage_Core_Block_Template->_toHtml()
#18 /var/www/html/multidesignertool/app/code/core/Mage/Core/Block/Text/List.php(43): Mage_Core_Block_Abstract->toHtml()
#19 /var/www/html/multidesignertool/app/code/core/Mage/Core/Block/Abstract.php(919): Mage_Core_Block_Text_List->_toHtml()
#20 /var/www/html/multidesignertool/app/code/core/Mage/Core/Block/Abstract.php(637): Mage_Core_Block_Abstract->toHtml()
#21 /var/www/html/multidesignertool/app/code/core/Mage/Core/Block/Abstract.php(581): Mage_Core_Block_Abstract->_getChildHtml('content', true)
#22 /var/www/html/multidesignertool/app/design/frontend/rwd/airborne/template/page/2columns-left.phtml(62): Mage_Core_Block_Abstract->getChildHtml('content')
#23 /var/www/html/multidesignertool/app/code/core/Mage/Core/Block/Template.php(241): include('/var/www/html/m...')
#24 /var/www/html/multidesignertool/app/code/core/Mage/Core/Block/Template.php(272): Mage_Core_Block_Template->fetchView('frontend/rwd/ai...')
#25 /var/www/html/multidesignertool/app/code/core/Mage/Core/Block/Template.php(286): Mage_Core_Block_Template->renderView()
#26 /var/www/html/multidesignertool/app/code/core/Mage/Core/Block/Abstract.php(919): Mage_Core_Block_Template->_toHtml()
#27 /var/www/html/multidesignertool/app/code/core/Mage/Core/Model/Layout.php(555): Mage_Core_Block_Abstract->toHtml()
#28 /var/www/html/multidesignertool/app/code/core/Mage/Core/Controller/Varien/Action.php(390): Mage_Core_Model_Layout->getOutput()
#29 /var/www/html/multidesignertool/app/code/core/Mage/Catalog/controllers/CategoryController.php(161): Mage_Core_Controller_Varien_Action->renderLayout()
#30 /var/www/html/multidesignertool/app/code/core/Mage/Core/Controller/Varien/Action.php(418): Mage_Catalog_CategoryController->viewAction()
#31 /var/www/html/multidesignertool/app/code/core/Mage/Core/Controller/Varien/Router/Standard.php(254): Mage_Core_Controller_Varien_Action->dispatch('view')
#32 /var/www/html/multidesignertool/app/code/core/Mage/Core/Controller/Varien/Front.php(172): Mage_Core_Controller_Varien_Router_Standard->match(Object(Mage_Core_Controller_Request_Http))
#33 /var/www/html/multidesignertool/app/code/core/Mage/Core/Model/App.php(365): Mage_Core_Controller_Varien_Front->dispatch()
#34 /var/www/html/multidesignertool/app/Mage.php(684): Mage_Core_Model_App->run(Array)
#35 /var/www/html/multidesignertool/index.php(83): Mage::run('', 'store')
#36 {main}
2015-09-17T02:03:06+00:00 ERR (3): 
exception 'Mage_Core_Exception' with message 'Invalid block type: A2bizz_Designer_Block_Product' in /var/www/html/multidesignertool/app/Mage.php:595
Stack trace:
#0 /var/www/html/multidesignertool/app/code/core/Mage/Core/Model/Layout.php(495): Mage::throwException('Invalid block t...')
#1 /var/www/html/multidesignertool/app/code/core/Mage/Core/Model/Layout.php(437): Mage_Core_Model_Layout->_getBlockInstance('designer/produc...', Array)
#2 /var/www/html/multidesignertool/app/code/core/Mage/Core/Model/Layout.php(472): Mage_Core_Model_Layout->createBlock('designer/produc...', 'designer.produc...')
#3 /var/www/html/multidesignertool/app/code/core/Mage/Core/Model/Layout.php(239): Mage_Core_Model_Layout->addBlock('designer/produc...', 'designer.produc...')
#4 /var/www/html/multidesignertool/app/code/core/Mage/Core/Model/Layout.php(205): Mage_Core_Model_Layout->_generateBlock(Object(Mage_Core_Model_Layout_Element), Object(Mage_Core_Model_Layout_Element))
#5 /var/www/html/multidesignertool/app/code/core/Mage/Core/Model/Layout.php(210): Mage_Core_Model_Layout->generateBlocks(Object(Mage_Core_Model_Layout_Element))
#6 /var/www/html/multidesignertool/app/code/core/Mage/Core/Controller/Varien/Action.php(344): Mage_Core_Model_Layout->generateBlocks()
#7 /var/www/html/multidesignertool/app/code/core/Mage/Catalog/Helper/Product/View.php(73): Mage_Core_Controller_Varien_Action->generateLayoutBlocks()
#8 /var/www/html/multidesignertool/app/code/core/Mage/Catalog/Helper/Product/View.php(144): Mage_Catalog_Helper_Product_View->initProductLayout(Object(Mage_Catalog_Model_Product), Object(A2bizz_Designer_ProductController))
#9 /var/www/html/multidesignertool/app/code/local/A2bizz/Designer/controllers/ProductController.php(29): Mage_Catalog_Helper_Product_View->prepareAndRender('1', Object(A2bizz_Designer_ProductController), Object(Varien_Object))
#10 /var/www/html/multidesignertool/app/code/core/Mage/Core/Controller/Varien/Action.php(418): A2bizz_Designer_ProductController->indexAction()
#11 /var/www/html/multidesignertool/app/code/core/Mage/Core/Controller/Varien/Router/Standard.php(254): Mage_Core_Controller_Varien_Action->dispatch('index')
#12 /var/www/html/multidesignertool/app/code/core/Mage/Core/Controller/Varien/Front.php(172): Mage_Core_Controller_Varien_Router_Standard->match(Object(Mage_Core_Controller_Request_Http))
#13 /var/www/html/multidesignertool/app/code/core/Mage/Core/Model/App.php(365): Mage_Core_Controller_Varien_Front->dispatch()
#14 /var/www/html/multidesignertool/app/Mage.php(684): Mage_Core_Model_App->run(Array)
#15 /var/www/html/multidesignertool/index.php(83): Mage::run('', 'store')
#16 {main}
